<?xml version="1.0" encoding="UTF-8"?>
<!-- Generated by org.testng.reporters.JUnitXMLReporter -->
<testsuite hostname="xetmacsheetals.xebiaindia.local" name="Mac+Firefox Test1" tests="3" failures="0" timestamp="23 Sep 2016 11:16:13 GMT" time="53.414" errors="0">
  <testcase name="testBmiCalculator1" time="15.341" classname="demo.SeGridTest"/>
  <testcase name="testBmiCalculator2" time="15.29" classname="demo.SeGridTest"/>
  <testcase name="testBmiCalculator3" time="15.666" classname="demo.SeGridTest"/>
</testsuite> <!-- Mac+Firefox Test1 -->
