<?xml version="1.0" encoding="UTF-8"?>
<!-- Generated by org.testng.reporters.JUnitXMLReporter -->
<testsuite hostname="xetmacsheetals.xebiaindia.local" name="Mac+Firefox Test2" tests="3" failures="0" timestamp="23 Sep 2016 11:16:11 GMT" time="51.534" errors="0">
  <testcase name="testBmiCalculator1" time="16.189" classname="demo.SeGridTest"/>
  <testcase name="testBmiCalculator2" time="15.205" classname="demo.SeGridTest"/>
  <testcase name="testBmiCalculator3" time="15.182" classname="demo.SeGridTest"/>
</testsuite> <!-- Mac+Firefox Test2 -->
