<?xml version="1.0" encoding="UTF-8"?>
<testng-results skipped="0" failed="0" total="1" passed="1">
  <reporter-output>
  </reporter-output>
  <suite name="Default suite" duration-ms="18998" started-at="2016-10-06T11:41:56Z" finished-at="2016-10-06T11:42:15Z">
    <groups>
    </groups>
    <test name="Default test" duration-ms="18998" started-at="2016-10-06T11:41:56Z" finished-at="2016-10-06T11:42:15Z">
      <class name="demo.SampleTestCase">
        <test-method status="PASS" signature="createAppiumDriver()[pri:0, instance:demo.SampleTestCase@553f17c]" name="createAppiumDriver" is-config="true" duration-ms="12891" started-at="2016-10-06T17:11:56Z" finished-at="2016-10-06T17:12:09Z">
          <reporter-output>
          </reporter-output>
        </test-method> <!-- createAppiumDriver -->
        <test-method status="PASS" signature="sampeTest()[pri:0, instance:demo.SampleTestCase@553f17c]" name="sampeTest" duration-ms="4726" started-at="2016-10-06T17:12:09Z" finished-at="2016-10-06T17:12:14Z">
          <reporter-output>
          </reporter-output>
        </test-method> <!-- sampeTest -->
        <test-method status="PASS" signature="afterTest()[pri:0, instance:demo.SampleTestCase@553f17c]" name="afterTest" is-config="true" duration-ms="1370" started-at="2016-10-06T17:12:14Z" finished-at="2016-10-06T17:12:15Z">
          <reporter-output>
          </reporter-output>
        </test-method> <!-- afterTest -->
      </class> <!-- demo.SampleTestCase -->
    </test> <!-- Default test -->
  </suite> <!-- Default suite -->
</testng-results>
